<?xml version="1.0" encoding="UTF-8"?>
<!-- Generated by org.testng.reporters.JUnitReportReporter -->
<testsuite hostname="Utsav-PC" name="TestLogin" tests="1" failures="0" timestamp="16 Nov 2014 10:51:41 GMT" time="56.356" errors="0">
  <testcase name="loginTest" time="56.356" classname="TestLogin"/>
</testsuite> <!-- TestLogin -->
